<?xml version="1.0" encoding="UTF-8"?>
<testsuite name="EdgeCaseMissingFilesTest" tests="6" skipped="0" failures="0" errors="0" timestamp="2025-09-22T21:23:48" hostname="WIN-F9IL5BMNMNS" time="0.077">
  <properties/>
  <testcase name="testReadFile_emptyPathString_throwsIOException()" classname="EdgeCaseMissingFilesTest" time="0.011"/>
  <testcase name="testReadFile_relativePathToMissingFile_throwsIOException()" classname="EdgeCaseMissingFilesTest" time="0.009"/>
  <testcase name="testReadFile_completelyMissingFile_throwsIOException()" classname="EdgeCaseMissingFilesTest" time="0.006"/>
  <testcase name="testReadFile_missingFileWithSpecialChars_throwsIOException()" classname="EdgeCaseMissingFilesTest" time="0.008"/>
  <testcase name="testReadFile_absolutePathToMissingFile_throwsIOException()" classname="EdgeCaseMissingFilesTest" time="0.005"/>
  <testcase name="testReadFile_missingDirectoryInPath_throwsIOException()" classname="EdgeCaseMissingFilesTest" time="0.006"/>
  <system-out><![CDATA[]]></system-out>
  <system-err><![CDATA[]]></system-err>
</testsuite>
