<?xml version="1.0" encoding="UTF-8"?>
<testsuite name="RunScriptJSTest" tests="4" skipped="0" failures="0" errors="0" timestamp="2025-09-22T21:23:54" hostname="WIN-F9IL5BMNMNS" time="0.125">
  <properties/>
  <testcase name="testRunScript_jsWithVariables_executesCorrectly()" classname="RunScriptJSTest" time="0.057"/>
  <testcase name="testRunScript_jsFunction_returnsCorrectValue()" classname="RunScriptJSTest" time="0.023"/>
  <testcase name="testRunScript_validJavaScript_executesSuccessfully()" classname="RunScriptJSTest" time="0.021"/>
  <testcase name="testRunScript_simpleJSExpression_returnsValue()" classname="RunScriptJSTest" time="0.013"/>
  <system-out><![CDATA[Hello from JS test
]]></system-out>
  <system-err><![CDATA[]]></system-err>
</testsuite>
