<?xml version="1.0" encoding="UTF-8"?>
<testsuite name="ReadFileErrorTest" tests="4" skipped="0" failures="0" errors="0" timestamp="2025-09-22T21:23:53" hostname="WIN-F9IL5BMNMNS" time="0.321">
  <properties/>
  <testcase name="testReadFile_invalidPath_throwsIOException()" classname="ReadFileErrorTest" time="0.002"/>
  <testcase name="testReadFile_directoryInsteadOfFile_throwsIOException()" classname="ReadFileErrorTest" time="0.239"/>
  <testcase name="testReadFile_nonExistentFile_throwsIOException()" classname="ReadFileErrorTest" time="0.017"/>
  <testcase name="testReadFile_nullPath_throwsException()" classname="ReadFileErrorTest" time="0.008"/>
  <system-out><![CDATA[]]></system-out>
  <system-err><![CDATA[]]></system-err>
</testsuite>
