<?xml version="1.0" encoding="UTF-8"?>
<testsuite name="RunScriptPythonTest" tests="5" skipped="0" failures="0" errors="0" timestamp="2025-09-22T21:23:54" hostname="WIN-F9IL5BMNMNS" time="4.859">
  <properties/>
  <testcase name="testRunScript_simplePythonExpression_returnsValue()" classname="RunScriptPythonTest" time="1.09"/>
  <testcase name="testRunScript_pythonFunction_returnsCorrectValue()" classname="RunScriptPythonTest" time="1.093"/>
  <testcase name="testRunScript_pythonListOperation_returnsCorrectValue()" classname="RunScriptPythonTest" time="0.693"/>
  <testcase name="testRunScript_pythonWithVariables_executesCorrectly()" classname="RunScriptPythonTest" time="0.749"/>
  <testcase name="testRunScript_validPython_executesSuccessfully()" classname="RunScriptPythonTest" time="1.219"/>
  <system-out><![CDATA[Hello from Python test
]]></system-out>
  <system-err><![CDATA[]]></system-err>
</testsuite>
