<?xml version="1.0" encoding="UTF-8"?>
<testsuite name="ApplicationTest" tests="12" skipped="0" failures="0" errors="0" timestamp="2025-09-22T21:23:34" hostname="WIN-F9IL5BMNMNS" time="4.421">
  <properties/>
  <testcase name="readFile should handle valid JavaScript files" classname="ApplicationTest" time="0.039"/>
  <testcase name="readFile should handle files with special characters" classname="ApplicationTest" time="0.018"/>
  <testcase name="Should read and execute JavaScript file end-to-end" classname="ApplicationTest" time="0.048"/>
  <testcase name="Context should remain stable across multiple operations" classname="ApplicationTest" time="1.04"/>
  <testcase name="readFile should handle large files efficiently" classname="ApplicationTest" time="0.059"/>
  <testcase name="runScript should handle JavaScript functions" classname="ApplicationTest" time="0.083"/>
  <testcase name="Should handle multiple script executions efficiently" classname="ApplicationTest" time="0.074"/>
  <testcase name="runScript should handle Python functions" classname="ApplicationTest" time="0.946"/>
  <testcase name="Should read and execute Python file end-to-end" classname="ApplicationTest" time="1.283"/>
  <testcase name="readFile should handle valid Python files" classname="ApplicationTest" time="0.03"/>
  <testcase name="runScript should execute JavaScript successfully" classname="ApplicationTest" time="0.043"/>
  <testcase name="runScript should execute Python successfully" classname="ApplicationTest" time="0.727"/>
  <system-out><![CDATA[]]></system-out>
  <system-err><![CDATA[]]></system-err>
</testsuite>
