<?xml version="1.0" encoding="UTF-8"?>
<testsuite name="ReadFileValidTest" tests="4" skipped="0" failures="0" errors="0" timestamp="2025-09-22T21:23:54" hostname="WIN-F9IL5BMNMNS" time="0.184">
  <properties/>
  <testcase name="testReadFile_emptyFile_returnsEmptyString()" classname="ReadFileValidTest" time="0.017"/>
  <testcase name="testReadFile_validFilePath_returnsContent()" classname="ReadFileValidTest" time="0.02"/>
  <testcase name="testReadFile_largeFile_readCompletely()" classname="ReadFileValidTest" time="0.097"/>
  <testcase name="testReadFile_fileWithSpecialCharacters_handledCorrectly()" classname="ReadFileValidTest" time="0.036"/>
  <system-out><![CDATA[]]></system-out>
  <system-err><![CDATA[]]></system-err>
</testsuite>
